<?xml version="1.0" encoding="UTF-8"?>
<!-- Generated by org.testng.reporters.JUnitXMLReporter -->
<testsuite hostname="LAPTOP-J82SUNPN" ignored="2" name="Test" tests="14" failures="0" timestamp="13 Nov 2021 04:58:32 GMT" time="0.163" errors="0">
  <testcase name="tc8" time="0.022" classname="org.samplesuite.Samplelevel3"/>
  <testcase name="tc6" time="0.003" classname="org.samplesuite.Samplelevel"/>
  <testcase name="tc9" time="0.002" classname="org.samplesuite.Samplelevel3"/>
  <testcase name="tc9" time="0.002" classname="org.samplesuite.Samplelevel3"/>
  <testcase name="tc9" time="0.002" classname="org.samplesuite.Samplelevel3"/>
  <testcase name="tc9" time="0.008" classname="org.samplesuite.Samplelevel3"/>
  <testcase name="tc9" time="0.001" classname="org.samplesuite.Samplelevel3"/>
  <testcase name="tc2" time="0.001" classname="org.samplesuite.Sample1"/>
  <testcase name="tc3" time="0.004" classname="org.samplesuite.Sample1"/>
  <testcase name="tc4" time="0.004" classname="org.samplesuite.Sample1"/>
  <testcase name="tc7" time="0.006" classname="org.samplesuite.Samplelevel"/>
  <testcase name="tc7" time="0.001" classname="org.samplesuite.Samplelevel"/>
  <testcase name="tc7" time="0.001" classname="org.samplesuite.Samplelevel"/>
  <testcase name="tc5" time="0.004" classname="org.samplesuite.Samplelevel"/>
  <testcase name="tc1" time="0.0" classname="org.samplesuite.Sample1">
    <ignored/>
  </testcase> <!-- tc1 -->
  <testcase name="tc10" time="0.0" classname="org.samplesuite.Samplelevel3">
    <ignored/>
  </testcase> <!-- tc10 -->
</testsuite> <!-- Test -->
